2015-09-03 10:25:35,291 [DEBUG] [nohup ] - com.service.ScApiCreateREDIS.api_Auto_PO()
2015-09-03 10:25:47,381 [DEBUG] [nohup ] - DB Connect : iseccube Driver
2015-09-03 10:26:00,088 [DEBUG] [nohup ] - com.service.ScApiCreateREDIS.GetVendorList()
2015-09-03 10:26:03,786 [DEBUG] [nohup ] - DB Connect : iseccube Driver
2015-09-03 10:26:31,834 [DEBUG] [nohup ] - DB Connect out : iseccube Driver
2015-09-03 10:26:36,328 [DEBUG] [nohup ] - vendorList[3]
2015-09-03 10:26:38,855 [DEBUG] [nohup ] - 1. Redis connection 생성 시작
2015-09-03 10:26:41,788 [DEBUG] [nohup ] - 1. Redis connection 생성 끝
2015-09-03 10:26:48,730 [DEBUG] [nohup ] - org_code[95]
2015-09-03 10:26:49,027 [DEBUG] [nohup ] - sell_code[ASPB]
2015-09-03 10:26:49,323 [DEBUG] [nohup ] - OrderProcess-REDIS_KEY[95:ASPB:order:update:S2C]
2015-09-03 10:26:50,212 [DEBUG] [nohup ] - OrderProcess-REDIS_COUNT[0]
2015-09-03 10:26:50,992 [DEBUG] [nohup ] - 2. Sterling OrderProcess 수신데이터 처리 시작
2015-09-03 10:27:04,689 [DEBUG] [nohup ] - DB Connect : iseccube Driver
2015-09-03 10:27:13,834 [DEBUG] [nohup ] -  Query:  SELECT /*+ INDEX_DESC(CALL_DT,CALL_SEQ) */						 				         LTRIM(TO_CHAR(TO_NUMBER(NVL(MAX(CALL_SEQ), 0)) + 1, '0000')) as CALL_SEQ    FROM API_RECV_LOG															   WHERE CALL_DT = TO_CHAR(SYSDATE,'YYYYMMDD') 						 			  Parameters: []

2015-09-03 10:27:21,368 [DEBUG] [nohup ] -  Query:  INSERT INTO API_RECV_LOG (       		     CALL_DT, CALL_SEQ, CALL_API,             	     CALL_API_NAME, VENDOR_ID, START_DT,     	     END_DT, RESULT_CODE, RESULT_NAME,       	     INUSER, INTIME)                         	  VALUES ( ? ,? ,? ,?        ,? , ?,?                               	      , ?,? ,?                               	      ,to_char(sysdate, 'YYYYMMDDHH24MISS')            )        Parameters: [20150903, 0022, OrderProcess, 발주요청, ASPB, 20150903, 20150903, 100, 조회된데이터가 없습니다., SCAPI]

2015-09-03 10:27:24,707 [DEBUG] [nohup ] - DB Connect out : iseccube Driver
2015-09-03 10:27:32,616 [DEBUG] [nohup ] - 2. Sterling OrderProcess 수신데이터 처리 끝
2015-09-03 10:27:37,702 [DEBUG] [nohup ] - org_code[45]
2015-09-03 10:27:37,967 [DEBUG] [nohup ] - sell_code[REDM]
2015-09-03 10:27:38,310 [DEBUG] [nohup ] - OrderProcess-REDIS_KEY[45:REDM:order:update:S2C]
2015-09-03 10:27:38,981 [DEBUG] [nohup ] - OrderProcess-REDIS_COUNT[0]
2015-09-03 10:27:39,886 [DEBUG] [nohup ] - 2. Sterling OrderProcess 수신데이터 처리 시작
2015-09-03 10:27:45,237 [DEBUG] [nohup ] - DB Connect : iseccube Driver
2015-09-03 10:27:48,291 [DEBUG] [nohup ] -  Query:  SELECT /*+ INDEX_DESC(CALL_DT,CALL_SEQ) */						 				         LTRIM(TO_CHAR(TO_NUMBER(NVL(MAX(CALL_SEQ), 0)) + 1, '0000')) as CALL_SEQ    FROM API_RECV_LOG															   WHERE CALL_DT = TO_CHAR(SYSDATE,'YYYYMMDD') 						 			  Parameters: []

2015-09-03 10:27:50,802 [DEBUG] [nohup ] -  Query:  INSERT INTO API_RECV_LOG (       		     CALL_DT, CALL_SEQ, CALL_API,             	     CALL_API_NAME, VENDOR_ID, START_DT,     	     END_DT, RESULT_CODE, RESULT_NAME,       	     INUSER, INTIME)                         	  VALUES ( ? ,? ,? ,?        ,? , ?,?                               	      , ?,? ,?                               	      ,to_char(sysdate, 'YYYYMMDDHH24MISS')            )        Parameters: [20150903, 0023, OrderProcess, 발주요청, REDM, 20150903, 20150903, 100, 조회된데이터가 없습니다., SCAPI]

2015-09-03 10:27:52,191 [DEBUG] [nohup ] - DB Connect out : iseccube Driver
2015-09-03 10:27:54,999 [DEBUG] [nohup ] - 2. Sterling OrderProcess 수신데이터 처리 끝
2015-09-03 10:27:58,540 [DEBUG] [nohup ] - org_code[95]
2015-09-03 10:27:58,758 [DEBUG] [nohup ] - sell_code[SDRY]
2015-09-03 10:27:58,977 [DEBUG] [nohup ] - OrderProcess-REDIS_KEY[95:SDRY:order:update:S2C]
2015-09-03 10:27:59,663 [DEBUG] [nohup ] - OrderProcess-REDIS_COUNT[1]
2015-09-03 10:28:00,131 [DEBUG] [nohup ] - 2. Sterling OrderProcess 수신데이터 처리 시작
2015-09-03 10:28:20,006 [DEBUG] [nohup ] - SC API OrderProcess 수신 DATA[{"orderHeaderKey":"2015090310251347013373","sell_code":"SDRY","status":"3200","org_code":"95","list":[{"sell_code":"SDRY","orderReleaseKey":"2015090310252247013407","itemNm":"매장직출테스트","custNm":"둘리","org_code":"95","qty":"2","receiptAddr1":"경기도A동 B02호","receiptAddr2":"","receiptNm":"둘리","receiptTel":"01084776265","itemId":"S0G1GHD010BK34","receiptHp":"01012341234","orderLineKey":"2015090310251347013374","ship_node":"OFF02","custHp":"01012341234","deliveryMsg":"","orderLineNo":"1","salePrice":"42150","nodeType":"Store","orderDt":"20150903","receiptZipcode":"443-400","orderId":"Y100006206","custTel":"01084776265"},{"sell_code":"SDRY","orderReleaseKey":"2015090310252247013407","itemNm":"매장직출테스트","custNm":"둘리","org_code":"95","qty":"2","receiptAddr1":"경기도A동 B02호","receiptAddr2":"","receiptNm":"둘리","receiptTel":"01084776265","itemId":"S0G1GHD010BK38","receiptHp":"01012341234","orderLineKey":"2015090310251347013375","ship_node":"OFF02","custHp":"01012341234","deliveryMsg":"","orderLineNo":"2","salePrice":"42150","nodeType":"Store","orderDt":"20150903","receiptZipcode":"443-400","orderId":"Y100006206","custTel":"01084776265"},{"sell_code":"SDRY","orderReleaseKey":"2015090310252247013407","itemNm":"매장직출테스트","custNm":"둘리","org_code":"95","qty":"2","receiptAddr1":"경기도A동 B02호","receiptAddr2":"","receiptNm":"둘리","receiptTel":"01084776265","itemId":"S0G1GHD010BK40","receiptHp":"01012341234","orderLineKey":"2015090310251347013376","ship_node":"OFF02","custHp":"01012341234","deliveryMsg":"","orderLineNo":"3","salePrice":"42150","nodeType":"Store","orderDt":"20150903","receiptZipcode":"443-400","orderId":"Y100006206","custTel":"01084776265"}],"tranDt":"20150903102225","orderDt":"20150903","vendor_id":"","orderId":"Y100006206"}]
2015-09-03 10:28:25,156 [DEBUG] [nohup ] - Sterling OrderProcess 마스터정보 시작
2015-09-03 10:28:26,014 [DEBUG] [nohup ] - status[3200]
2015-09-03 10:28:26,326 [DEBUG] [nohup ] - tranDt[20150903102225]
2015-09-03 10:28:26,560 [DEBUG] [nohup ] - orderHeaderKey[2015090310251347013373]
2015-09-03 10:28:26,794 [DEBUG] [nohup ] - orderDt[20150903]
2015-09-03 10:28:27,153 [DEBUG] [nohup ] - orderId[Y100006206]
2015-09-03 10:28:27,793 [DEBUG] [nohup ] - Sterling OrderProcess 마스터정보 끝
2015-09-03 10:28:31,802 [DEBUG] [nohup ] - vendor_id[]
2015-09-03 10:28:34,984 [DEBUG] [nohup ] - 처리상태[3200]
2015-09-03 10:28:43,128 [DEBUG] [nohup ] - 처리업무구분[OrderRetrieve]
2015-09-03 10:29:00,678 [DEBUG] [nohup ] - DB Connect : iseccube Driver
2015-09-03 10:29:06,514 [DEBUG] [nohup ] -  Query:  SELECT /*+ INDEX_DESC(CALL_DT,CALL_SEQ) */						 				         LTRIM(TO_CHAR(TO_NUMBER(NVL(MAX(CALL_SEQ), 0)) + 1, '0000')) as CALL_SEQ    FROM API_RECV_LOG															   WHERE CALL_DT = TO_CHAR(SYSDATE,'YYYYMMDD') 						 			  Parameters: []

2015-09-03 10:29:11,319 [DEBUG] [nohup ] -  Query:  INSERT INTO API_RECV_LOG (       		     CALL_DT, CALL_SEQ, CALL_API,             	     CALL_API_NAME, VENDOR_ID, START_DT,     	     END_DT, RESULT_CODE, RESULT_NAME,       	     INUSER, INTIME)                         	  VALUES ( ? ,? ,? ,?        ,? , ?,?                               	      , ?,? ,?                               	      ,to_char(sysdate, 'YYYYMMDDHH24MISS')            )        Parameters: [20150903, 0024, OrderRetrieve, 발주조회, SDRY, 20150903, 20150903, 000, 처리중!!!!!, SCAPI]

2015-09-03 10:29:14,486 [DEBUG] [nohup ] - DB Connect out : iseccube Driver
2015-09-03 10:29:18,511 [DEBUG] [nohup ] - call_dt[20150903]
2015-09-03 10:29:18,869 [DEBUG] [nohup ] - call_seq[0024]
2015-09-03 10:29:21,724 [DEBUG] [nohup ] - Sterling OrderProcess 주문확정라인 시작
2015-09-03 10:29:21,911 [DEBUG] [nohup ] - org_code[95]
2015-09-03 10:29:22,083 [DEBUG] [nohup ] - sell_code[SDRY]
2015-09-03 10:29:22,255 [DEBUG] [nohup ] - ship_node[OFF02]
2015-09-03 10:29:22,426 [DEBUG] [nohup ] - orderDt[20150903]
2015-09-03 10:29:22,582 [DEBUG] [nohup ] - orderId[Y100006206]
2015-09-03 10:29:22,785 [DEBUG] [nohup ] - orderLineNo[001]
2015-09-03 10:29:23,487 [DEBUG] [nohup ] - orderLineKey[2015090310251347013374]
2015-09-03 10:29:24,236 [DEBUG] [nohup ] - orderReleaseKey[2015090310252247013407]
2015-09-03 10:29:25,453 [DEBUG] [nohup ] - receiptNm[둘리]
2015-09-03 10:29:25,609 [DEBUG] [nohup ] - receiptTel[01084776265]
2015-09-03 10:29:25,780 [DEBUG] [nohup ] - receiptHp[01012341234]
2015-09-03 10:29:25,952 [DEBUG] [nohup ] - receiptAddr1[경기도A동 B02호]
2015-09-03 10:29:26,108 [DEBUG] [nohup ] - receiptAddr2[]
2015-09-03 10:29:26,295 [DEBUG] [nohup ] - receiptZipcode[443-400]
2015-09-03 10:29:26,451 [DEBUG] [nohup ] - custNm[둘리]
2015-09-03 10:29:26,623 [DEBUG] [nohup ] - custTel[01084776265]
2015-09-03 10:29:26,794 [DEBUG] [nohup ] - custHp[01012341234]
2015-09-03 10:29:26,997 [DEBUG] [nohup ] - deliveryMsg[]
2015-09-03 10:29:28,136 [DEBUG] [nohup ] - itemId[S0G1GHD010BK34]
2015-09-03 10:29:28,495 [DEBUG] [nohup ] - itemNm[매장직출테스트]
2015-09-03 10:29:28,682 [DEBUG] [nohup ] - qty[2]
2015-09-03 10:29:29,368 [DEBUG] [nohup ] - salePrice[42150]
2015-09-03 10:29:30,211 [DEBUG] [nohup ] - Sterling OrderProcess 주문확정라인 끝
2015-09-03 10:30:09,674 [DEBUG] [nohup ] - 2-1. API_RECV_DATA INSERT 요청 시작
2015-09-03 10:30:10,937 [DEBUG] [nohup ] -  Query:  INSERT INTO API_RECV_DATA                                          			        (CALL_DT, CALL_SEQ, SEQ, RECV_GB, FIRST_ORDER_ID, ORDER_ID,          	        SHIP_ID, TRANS_DT, VENDOR_ID, INSTRUCT_DT, CANCEL_DT, CHANGE_GB,     	        SHIP_STATUS, RECEIPT_NM, RECEIPT_TEL, RECEIPT_HP,                    	        RECEIPT_ZIPCODE, RECEIPT_ADDR1, RECEIPT_ADDR2, CUST_NM,              	        CUST_TEL, CUST_HP, CUST_ZIPCODE, CUST_ADDR1, CUST_ADDR2,             	        DELIVERY_MSG, ORDER_SEQ, SHIP_SEQ, ITEM_CD, ITEM_NM, OPTION1,        	        OPTION2, SALE_PRICE, DELI_PRICE, QTY, DELI_GB, ERROR_CODE,           	        ERROR_MSG, INUSER, INTIME, ORI_SHIP_ID , RET_CODE, TRANS_STATUS,	 	        CUST_EMAIL, CLAME_MEMO, CUBE_ITEM , COCD , WHCD	, ORDER_KEY, 			        ORDERSEQ_KEY, SHIP_KEY, VENDOR_NM , STORE_GB 				 						             )                                                               	      VALUES ( ?, ?, ?, ?, ?, ?,            						         	              ?, ?, ?, ?, ?, ?,                                              	              ?, ?, ?, ?,                                                    	              ?, ?, ?, ?,                                                    	              ?, ?, ?, ?, ?,                                                 	              ?, ?, ?, ?, ?, ?,                                              	              ?, ?, ?, ?, ?, ?,                                              	              ?, ?, to_char(sysdate, 'YYYYMMDDHH24MISS'), ?, ?, '40',	              ?, ?, ?, ?, ?, ?,                                              	              ?, ?, ?, ?	  					                                                 )                                                               	 Parameters: [20150903, 0024, 1, 10, Y100006206, Y100006206, 2015090310252247013407, 20150903102225, SDRY, 20150903, , , , 둘리, 01084776265, 01012341234, 443-400, 경기도A동 B02호, , 둘리, 01084776265, 01012341234, , , , , 001, 001, S0G1GHD010BK34, 매장직출테스트, , , 42150, 0, 2, , 00, SUCCESS, SCAPI, , , , , , 95, OFF02, 2015090310251347013373, 2015090310251347013374, 2015090310252247013407, , Store]

2015-09-03 10:30:13,589 [DEBUG] [nohup ] - result[1]
2015-09-03 10:30:15,134 [DEBUG] [nohup ] - 2-1. API_RECV_DATA INSERT 요청 끝
2015-09-03 10:30:20,362 [DEBUG] [nohup ] - Sterling OrderProcess 주문확정라인 시작
2015-09-03 10:30:20,549 [DEBUG] [nohup ] - org_code[95]
2015-09-03 10:30:20,736 [DEBUG] [nohup ] - sell_code[SDRY]
2015-09-03 10:30:20,908 [DEBUG] [nohup ] - ship_node[OFF02]
2015-09-03 10:30:21,064 [DEBUG] [nohup ] - orderDt[20150903]
2015-09-03 10:30:21,220 [DEBUG] [nohup ] - orderId[Y100006206]
2015-09-03 10:30:21,391 [DEBUG] [nohup ] - orderLineNo[002]
2015-09-03 10:30:21,547 [DEBUG] [nohup ] - orderLineKey[2015090310251347013375]
2015-09-03 10:30:22,140 [DEBUG] [nohup ] - orderReleaseKey[2015090310252247013407]
2015-09-03 10:30:22,499 [DEBUG] [nohup ] - receiptNm[둘리]
2015-09-03 10:30:22,671 [DEBUG] [nohup ] - receiptTel[01084776265]
2015-09-03 10:30:22,842 [DEBUG] [nohup ] - receiptHp[01012341234]
2015-09-03 10:30:23,014 [DEBUG] [nohup ] - receiptAddr1[경기도A동 B02호]
2015-09-03 10:30:23,170 [DEBUG] [nohup ] - receiptAddr2[]
2015-09-03 10:30:23,326 [DEBUG] [nohup ] - receiptZipcode[443-400]
2015-09-03 10:30:23,763 [DEBUG] [nohup ] - custNm[둘리]
2015-09-03 10:30:23,934 [DEBUG] [nohup ] - custTel[01084776265]
2015-09-03 10:30:24,121 [DEBUG] [nohup ] - custHp[01012341234]
2015-09-03 10:30:24,293 [DEBUG] [nohup ] - deliveryMsg[]
2015-09-03 10:30:24,636 [DEBUG] [nohup ] - itemId[S0G1GHD010BK38]
2015-09-03 10:30:25,151 [DEBUG] [nohup ] - itemNm[매장직출테스트]
2015-09-03 10:30:25,354 [DEBUG] [nohup ] - qty[2]
2015-09-03 10:30:25,510 [DEBUG] [nohup ] - salePrice[42150]
2015-09-03 10:30:25,884 [DEBUG] [nohup ] - Sterling OrderProcess 주문확정라인 끝
2015-09-03 10:30:52,219 [DEBUG] [nohup ] - 2-1. API_RECV_DATA INSERT 요청 시작
2015-09-03 10:30:57,104 [DEBUG] [nohup ] -  Query:  INSERT INTO API_RECV_DATA                                          			        (CALL_DT, CALL_SEQ, SEQ, RECV_GB, FIRST_ORDER_ID, ORDER_ID,          	        SHIP_ID, TRANS_DT, VENDOR_ID, INSTRUCT_DT, CANCEL_DT, CHANGE_GB,     	        SHIP_STATUS, RECEIPT_NM, RECEIPT_TEL, RECEIPT_HP,                    	        RECEIPT_ZIPCODE, RECEIPT_ADDR1, RECEIPT_ADDR2, CUST_NM,              	        CUST_TEL, CUST_HP, CUST_ZIPCODE, CUST_ADDR1, CUST_ADDR2,             	        DELIVERY_MSG, ORDER_SEQ, SHIP_SEQ, ITEM_CD, ITEM_NM, OPTION1,        	        OPTION2, SALE_PRICE, DELI_PRICE, QTY, DELI_GB, ERROR_CODE,           	        ERROR_MSG, INUSER, INTIME, ORI_SHIP_ID , RET_CODE, TRANS_STATUS,	 	        CUST_EMAIL, CLAME_MEMO, CUBE_ITEM , COCD , WHCD	, ORDER_KEY, 			        ORDERSEQ_KEY, SHIP_KEY, VENDOR_NM , STORE_GB 				 						             )                                                               	      VALUES ( ?, ?, ?, ?, ?, ?,            						         	              ?, ?, ?, ?, ?, ?,                                              	              ?, ?, ?, ?,                                                    	              ?, ?, ?, ?,                                                    	              ?, ?, ?, ?, ?,                                                 	              ?, ?, ?, ?, ?, ?,                                              	              ?, ?, ?, ?, ?, ?,                                              	              ?, ?, to_char(sysdate, 'YYYYMMDDHH24MISS'), ?, ?, '40',	              ?, ?, ?, ?, ?, ?,                                              	              ?, ?, ?, ?	  					                                                 )                                                               	 Parameters: [20150903, 0024, 2, 10, Y100006206, Y100006206, 2015090310252247013407, 20150903102225, SDRY, 20150903, , , , 둘리, 01084776265, 01012341234, 443-400, 경기도A동 B02호, , 둘리, 01084776265, 01012341234, , , , , 002, 002, S0G1GHD010BK38, 매장직출테스트, , , 42150, 0, 2, , 00, SUCCESS, SCAPI, , , , , , 95, OFF02, 2015090310251347013373, 2015090310251347013375, 2015090310252247013407, , Store]

2015-09-03 10:31:08,726 [DEBUG] [nohup ] - result[1]
2015-09-03 10:31:09,491 [DEBUG] [nohup ] - 2-1. API_RECV_DATA INSERT 요청 끝
2015-09-03 10:31:12,049 [DEBUG] [nohup ] - Sterling OrderProcess 주문확정라인 시작
2015-09-03 10:31:12,221 [DEBUG] [nohup ] - org_code[95]
2015-09-03 10:31:12,392 [DEBUG] [nohup ] - sell_code[SDRY]
2015-09-03 10:31:12,564 [DEBUG] [nohup ] - ship_node[OFF02]
2015-09-03 10:31:12,751 [DEBUG] [nohup ] - orderDt[20150903]
2015-09-03 10:31:12,923 [DEBUG] [nohup ] - orderId[Y100006206]
2015-09-03 10:31:13,110 [DEBUG] [nohup ] - orderLineNo[003]
2015-09-03 10:31:13,313 [DEBUG] [nohup ] - orderLineKey[2015090310251347013376]
2015-09-03 10:31:13,796 [DEBUG] [nohup ] - orderReleaseKey[2015090310252247013407]
2015-09-03 10:31:14,498 [DEBUG] [nohup ] - receiptNm[둘리]
2015-09-03 10:31:14,810 [DEBUG] [nohup ] - receiptTel[01084776265]
2015-09-03 10:31:14,998 [DEBUG] [nohup ] - receiptHp[01012341234]
2015-09-03 10:31:15,154 [DEBUG] [nohup ] - receiptAddr1[경기도A동 B02호]
2015-09-03 10:31:15,341 [DEBUG] [nohup ] - receiptAddr2[]
2015-09-03 10:31:15,512 [DEBUG] [nohup ] - receiptZipcode[443-400]
2015-09-03 10:31:15,668 [DEBUG] [nohup ] - custNm[둘리]
2015-09-03 10:31:15,871 [DEBUG] [nohup ] - custTel[01084776265]
2015-09-03 10:31:16,058 [DEBUG] [nohup ] - custHp[01012341234]
2015-09-03 10:31:16,230 [DEBUG] [nohup ] - deliveryMsg[]
2015-09-03 10:31:16,417 [DEBUG] [nohup ] - itemId[S0G1GHD010BK40]
2015-09-03 10:31:16,620 [DEBUG] [nohup ] - itemNm[매장직출테스트]
2015-09-03 10:31:16,792 [DEBUG] [nohup ] - qty[2]
2015-09-03 10:31:16,963 [DEBUG] [nohup ] - salePrice[42150]
2015-09-03 10:31:17,150 [DEBUG] [nohup ] - Sterling OrderProcess 주문확정라인 끝
2015-09-03 10:31:36,261 [DEBUG] [nohup ] - 2-1. API_RECV_DATA INSERT 요청 시작
2015-09-03 10:31:36,932 [DEBUG] [nohup ] -  Query:  INSERT INTO API_RECV_DATA                                          			        (CALL_DT, CALL_SEQ, SEQ, RECV_GB, FIRST_ORDER_ID, ORDER_ID,          	        SHIP_ID, TRANS_DT, VENDOR_ID, INSTRUCT_DT, CANCEL_DT, CHANGE_GB,     	        SHIP_STATUS, RECEIPT_NM, RECEIPT_TEL, RECEIPT_HP,                    	        RECEIPT_ZIPCODE, RECEIPT_ADDR1, RECEIPT_ADDR2, CUST_NM,              	        CUST_TEL, CUST_HP, CUST_ZIPCODE, CUST_ADDR1, CUST_ADDR2,             	        DELIVERY_MSG, ORDER_SEQ, SHIP_SEQ, ITEM_CD, ITEM_NM, OPTION1,        	        OPTION2, SALE_PRICE, DELI_PRICE, QTY, DELI_GB, ERROR_CODE,           	        ERROR_MSG, INUSER, INTIME, ORI_SHIP_ID , RET_CODE, TRANS_STATUS,	 	        CUST_EMAIL, CLAME_MEMO, CUBE_ITEM , COCD , WHCD	, ORDER_KEY, 			        ORDERSEQ_KEY, SHIP_KEY, VENDOR_NM , STORE_GB 				 						             )                                                               	      VALUES ( ?, ?, ?, ?, ?, ?,            						         	              ?, ?, ?, ?, ?, ?,                                              	              ?, ?, ?, ?,                                                    	              ?, ?, ?, ?,                                                    	              ?, ?, ?, ?, ?,                                                 	              ?, ?, ?, ?, ?, ?,                                              	              ?, ?, ?, ?, ?, ?,                                              	              ?, ?, to_char(sysdate, 'YYYYMMDDHH24MISS'), ?, ?, '40',	              ?, ?, ?, ?, ?, ?,                                              	              ?, ?, ?, ?	  					                                                 )                                                               	 Parameters: [20150903, 0024, 3, 10, Y100006206, Y100006206, 2015090310252247013407, 20150903102225, SDRY, 20150903, , , , 둘리, 01084776265, 01012341234, 443-400, 경기도A동 B02호, , 둘리, 01084776265, 01012341234, , , , , 003, 003, S0G1GHD010BK40, 매장직출테스트, , , 42150, 0, 2, , 00, SUCCESS, SCAPI, , , , , , 95, OFF02, 2015090310251347013373, 2015090310251347013376, 2015090310252247013407, , Store]

2015-09-03 10:31:38,196 [DEBUG] [nohup ] - result[1]
2015-09-03 10:31:38,679 [DEBUG] [nohup ] - 2-1. API_RECV_DATA INSERT 요청 끝
2015-09-03 10:31:41,924 [DEBUG] [nohup ] - 2-2. callProcedure 요청 시작
2015-09-03 10:31:42,314 [DEBUG] [nohup ] - insertErrCnt[0]
2015-09-03 10:31:43,266 [DEBUG] [nohup ] - API_RECV_DATA INSERT 정상
2015-09-03 10:31:44,857 [DEBUG] [nohup ] -  프로시져 콜 시작
2015-09-03 10:31:45,387 [DEBUG] [nohup ] -  callProcedure() CALL 
2015-09-03 10:31:45,434 [DEBUG] [nohup ] - call_api[OrderRetrieve]
2015-09-03 10:31:51,612 [DEBUG] [nohup ] - DB Connect : iseccube Driver
2015-09-03 10:32:00,129 [DEBUG] [nohup ] - 주문 연동 시작
2015-09-03 10:32:12,253 [DEBUG] [nohup ] - 주문 연동 끝
2015-09-03 10:32:22,611 [DEBUG] [nohup ] - transcd[40]
2015-09-03 10:33:41,557 [DEBUG] [nohup ] - 처리결과 전송 CALL
2015-09-03 10:33:50,668 [DEBUG] [nohup ] - com.service.ScApiCreateREDIS.api_Auto_PO_Send()
2015-09-03 10:33:53,772 [DEBUG] [nohup ] - DB Connect : iseccube Driver
2015-09-03 10:34:02,247 [DEBUG] [nohup ] - ----- 출고의뢰결과 조회조건 -----
2015-09-03 10:34:02,559 [DEBUG] [nohup ] - call_dt[20150903]
2015-09-03 10:34:02,777 [DEBUG] [nohup ] - call_seq[0024]
2015-09-03 10:34:03,604 [DEBUG] [nohup ] - command[10]
2015-09-03 10:34:03,947 [DEBUG] [nohup ] - transCD[40]
2015-09-03 10:34:04,259 [DEBUG] [nohup ] - ----- -------------------------- -----
2015-09-03 10:34:26,333 [DEBUG] [nohup ] - ----- 출고의뢰결과 송신 헤더정보 -----
2015-09-03 10:34:26,567 [DEBUG] [nohup ] - org_code[95]
2015-09-03 10:34:26,661 [DEBUG] [nohup ] - sell_code[SDRY]
2015-09-03 10:34:26,832 [DEBUG] [nohup ] - orderDt[20150903]
2015-09-03 10:34:27,035 [DEBUG] [nohup ] - orderId[Y100006206]
2015-09-03 10:34:27,191 [DEBUG] [nohup ] - orderHeaderKey[2015090310251347013373]
2015-09-03 10:34:27,363 [DEBUG] [nohup ] - tranDt[20150903102225]
2015-09-03 10:34:28,034 [DEBUG] [nohup ] - ----- -------------------------- -----
2015-09-03 10:34:45,007 [DEBUG] [nohup ] - ----- 출고의뢰결과 송신 디데일 정보 -----
2015-09-03 10:34:45,273 [DEBUG] [nohup ] - ship_node[OFF02]
2015-09-03 10:34:45,475 [DEBUG] [nohup ] - orderLineNo[001]
2015-09-03 10:34:45,678 [DEBUG] [nohup ] - orderLineKey[2015090310251347013374]
2015-09-03 10:34:45,881 [DEBUG] [nohup ] - orderReleaseKey[2015090310252247013407]
2015-09-03 10:34:48,143 [DEBUG] [nohup ] - itemId[S0G1GHD010BK34]
2015-09-03 10:34:48,549 [DEBUG] [nohup ] - statuscd[01]
2015-09-03 10:34:48,798 [DEBUG] [nohup ] - statusMsg[처리]
2015-09-03 10:34:49,110 [DEBUG] [nohup ] - shipmentNo[350903001]
2015-09-03 10:34:50,140 [DEBUG] [nohup ] - qty[2]
2015-09-03 10:34:50,982 [DEBUG] [nohup ] - ----- -------------------------- -----
2015-09-03 10:34:58,720 [DEBUG] [nohup ] - ----- 출고의뢰결과 송신 디데일 정보 -----
2015-09-03 10:34:58,892 [DEBUG] [nohup ] - ship_node[OFF02]
2015-09-03 10:34:59,063 [DEBUG] [nohup ] - orderLineNo[002]
2015-09-03 10:34:59,235 [DEBUG] [nohup ] - orderLineKey[2015090310251347013375]
2015-09-03 10:34:59,422 [DEBUG] [nohup ] - orderReleaseKey[2015090310252247013407]
2015-09-03 10:34:59,594 [DEBUG] [nohup ] - itemId[S0G1GHD010BK38]
2015-09-03 10:34:59,781 [DEBUG] [nohup ] - statuscd[01]
2015-09-03 10:34:59,952 [DEBUG] [nohup ] - statusMsg[처리]
2015-09-03 10:35:00,171 [DEBUG] [nohup ] - shipmentNo[350903001]
2015-09-03 10:35:00,420 [DEBUG] [nohup ] - qty[2]
2015-09-03 10:35:00,608 [DEBUG] [nohup ] - ----- -------------------------- -----
2015-09-03 10:35:04,383 [DEBUG] [nohup ] - ----- 출고의뢰결과 송신 디데일 정보 -----
2015-09-03 10:35:04,586 [DEBUG] [nohup ] - ship_node[OFF02]
2015-09-03 10:35:04,757 [DEBUG] [nohup ] - orderLineNo[003]
2015-09-03 10:35:04,944 [DEBUG] [nohup ] - orderLineKey[2015090310251347013376]
2015-09-03 10:35:05,132 [DEBUG] [nohup ] - orderReleaseKey[2015090310252247013407]
2015-09-03 10:35:05,319 [DEBUG] [nohup ] - itemId[S0G1GHD010BK40]
2015-09-03 10:35:05,506 [DEBUG] [nohup ] - statuscd[01]
2015-09-03 10:35:05,693 [DEBUG] [nohup ] - statusMsg[처리]
2015-09-03 10:35:05,865 [DEBUG] [nohup ] - shipmentNo[350903001]
2015-09-03 10:35:06,068 [DEBUG] [nohup ] - qty[2]
2015-09-03 10:35:06,270 [DEBUG] [nohup ] - ----- -------------------------- -----
2015-09-03 10:35:14,585 [DEBUG] [nohup ] - 1. Redis connection 생성 시작
2015-09-03 10:35:17,924 [DEBUG] [nohup ] - [출고의뢰결과SEND_KEY]95:SDRY:order:update:C2S
2015-09-03 10:35:24,054 [DEBUG] [nohup ] - return json data ==>{"org_code":"95","sell_code":"SDRY","orderDt":"20150903","orderId":"Y100006206","orderHeaderKey":"2015090310251347013373","tranDt":"20150903102225","status":"3202","list":[{"ship_node":"OFF02","orderLineNo":"001","orderLineKey":"2015090310251347013374","orderReleaseKey":"2015090310252247013407","shipmentNo":"350903001","itemId":"S0G1GHD010BK34","uom":"EACH","qty":"2","statuscd":"01","statusMsg":"처리"},{"ship_node":"OFF02","orderLineNo":"002","orderLineKey":"2015090310251347013375","orderReleaseKey":"2015090310252247013407","shipmentNo":"350903001","itemId":"S0G1GHD010BK38","uom":"EACH","qty":"2","statuscd":"01","statusMsg":"처리"},{"ship_node":"OFF02","orderLineNo":"003","orderLineKey":"2015090310251347013376","orderReleaseKey":"2015090310252247013407","shipmentNo":"350903001","itemId":"S0G1GHD010BK40","uom":"EACH","qty":"2","statuscd":"01","statusMsg":"처리"}]}
2015-09-03 10:35:28,266 [DEBUG] [nohup ] - 1. Redis connection 생성 끝
2015-09-03 10:35:47,064 [DEBUG] [nohup ] - DB Connect : iseccube Driver
2015-09-03 10:35:49,904 [DEBUG] [nohup ] -  Query:  SELECT /*+ INDEX_DESC(CALL_DT,CALL_SEQ) */						 				         LTRIM(TO_CHAR(TO_NUMBER(NVL(MAX(CALL_SEQ), 0)) + 1, '0000')) as CALL_SEQ    FROM API_SEND_LOG															   WHERE CALL_DT = TO_CHAR(SYSDATE,'YYYYMMDD') 						 			  Parameters: []

2015-09-03 10:35:50,028 [DEBUG] [nohup ] - 0001
2015-09-03 10:35:59,648 [DEBUG] [nohup ] -  INSERT INTO API_SEND_LOG                                           				       (CALL_DT, CALL_SEQ, CALL_API, CALL_API_NAME, VENDOR_ID, SHIP_ID,      		        APPLY_DT, APPLY_TIME, DELI_COMPANY_ID, BL_NO, RESULT_CODE,           		        RESULT_NAME, INUSER, INTIME, CANCEL_CODE									       )                                                                     		      VALUES ( ?, ?, ?, ?, ?, ?,                    								              ?, ?, ?, ?, ?,                                                 		              ?, ?, to_char(sysdate, 'YYYYMMDDHH24MISS' ), ?						             )                                                               		
2015-09-03 10:35:59,648 [DEBUG] [nohup ] - getCall_dt20150903
2015-09-03 10:35:59,648 [DEBUG] [nohup ] - getCall_seq0001
2015-09-03 10:35:59,648 [DEBUG] [nohup ] - getCall_apiOrderRetrieveCheck
2015-09-03 10:35:59,648 [DEBUG] [nohup ] - getCall_api_name주문정보 확인
2015-09-03 10:35:59,648 [DEBUG] [nohup ] - getVendor_idSDRY
2015-09-03 10:35:59,648 [DEBUG] [nohup ] - getShip_id2015090310252247013407
2015-09-03 10:35:59,648 [DEBUG] [nohup ] - getApply_dtN/A
2015-09-03 10:35:59,648 [DEBUG] [nohup ] - getApply_timeN/A
2015-09-03 10:35:59,648 [DEBUG] [nohup ] - getDeli_company_idN/A
2015-09-03 10:35:59,648 [DEBUG] [nohup ] - getBl_noN/A
2015-09-03 10:35:59,648 [DEBUG] [nohup ] - getResult_code000
2015-09-03 10:35:59,648 [DEBUG] [nohup ] - getResult_nameSUCCESS!
2015-09-03 10:35:59,648 [DEBUG] [nohup ] - getInuserSCAPI
2015-09-03 10:35:59,648 [DEBUG] [nohup ] - getCancel_code00
2015-09-03 10:35:59,648 [DEBUG] [nohup ] -  Query:  INSERT INTO API_SEND_LOG                                           				       (CALL_DT, CALL_SEQ, CALL_API, CALL_API_NAME, VENDOR_ID, SHIP_ID,      		        APPLY_DT, APPLY_TIME, DELI_COMPANY_ID, BL_NO, RESULT_CODE,           		        RESULT_NAME, INUSER, INTIME, CANCEL_CODE									       )                                                                     		      VALUES ( ?, ?, ?, ?, ?, ?,                    								              ?, ?, ?, ?, ?,                                                 		              ?, ?, to_char(sysdate, 'YYYYMMDDHH24MISS' ), ?						             )                                                               		 Parameters: [20150903, 0001, OrderRetrieveCheck, 주문정보 확인, SDRY, 2015090310252247013407, N/A, N/A, N/A, N/A, 000, SUCCESS!, SCAPI, 00]

2015-09-03 10:36:02,643 [DEBUG] [nohup ] - DB Connect out : iseccube Driver
2015-09-03 10:36:10,849 [DEBUG] [nohup ] - DB Connect out : iseccube Driver
2015-09-03 10:36:21,706 [DEBUG] [nohup ] - DB Connect out : iseccube Driver
2015-09-03 10:36:24,967 [DEBUG] [nohup ] -  프로시져 콜 끝
2015-09-03 10:36:34,568 [DEBUG] [nohup ] - 2-2. callProcedure 요청 끝
2015-09-03 10:37:03,703 [DEBUG] [nohup ] - 2. Sterling OrderProcess 수신데이터 처리 끝
2015-09-03 10:37:19,461 [DEBUG] [nohup ] - DB Connect out : iseccube Driver
2015-09-03 14:52:14,626 [DEBUG] [nohup ] - com.service.ScApiCreateREDIS.api_Auto_StoreReject()
2015-09-03 14:52:21,584 [DEBUG] [nohup ] - DB Connect : iseccube Driver
2015-09-03 14:52:24,938 [DEBUG] [nohup ] - com.service.ScApiCreateREDIS.GetVendorList()
2015-09-03 14:52:27,684 [DEBUG] [nohup ] - DB Connect : iseccube Driver
2015-09-03 14:52:41,318 [DEBUG] [nohup ] - DB Connect out : iseccube Driver
2015-09-03 14:52:43,957 [DEBUG] [nohup ] - vendorList[3]
2015-09-03 14:52:50,072 [DEBUG] [nohup ] - org_code[95]
2015-09-03 14:52:50,649 [DEBUG] [nohup ] - sell_code[ASPB]
2015-09-03 14:52:51,055 [DEBUG] [nohup ] - redis key [95:ASPB:order:store:reject:C2S]
2015-09-03 14:53:14,864 [DEBUG] [nohup ] - redis data: {}
2015-09-03 14:53:19,295 [DEBUG] [nohup ] - org_code[45]
2015-09-03 14:53:19,529 [DEBUG] [nohup ] - sell_code[REDM]
2015-09-03 14:53:19,716 [DEBUG] [nohup ] - redis key [45:REDM:order:store:reject:C2S]
2015-09-03 14:53:37,379 [DEBUG] [nohup ] - redis data: {}
2015-09-03 14:53:40,749 [DEBUG] [nohup ] - org_code[95]
2015-09-03 14:53:40,936 [DEBUG] [nohup ] - sell_code[SDRY]
2015-09-03 14:53:41,139 [DEBUG] [nohup ] - redis key [95:SDRY:order:store:reject:C2S]
2015-09-03 14:54:16,477 [DEBUG] [nohup ] - EXCEPTION : net.sf.json.JSONException: JSONObject["PODT"] not found.
2015-09-03 14:54:16,477 [DEBUG] [nohup ] - DB Connect out : iseccube Driver
2015-09-03 14:56:15,392 [DEBUG] [nohup ] - com.service.ScApiCreateREDIS.api_Auto_StoreReject()
2015-09-03 14:56:17,794 [DEBUG] [nohup ] - DB Connect : iseccube Driver
2015-09-03 14:56:19,027 [DEBUG] [nohup ] - com.service.ScApiCreateREDIS.GetVendorList()
2015-09-03 14:56:20,618 [DEBUG] [nohup ] - DB Connect : iseccube Driver
2015-09-03 14:56:22,131 [DEBUG] [nohup ] - DB Connect out : iseccube Driver
2015-09-03 14:56:24,518 [DEBUG] [nohup ] - vendorList[3]
2015-09-03 14:56:25,002 [DEBUG] [nohup ] - org_code[95]
2015-09-03 14:56:25,002 [DEBUG] [nohup ] - sell_code[ASPB]
2015-09-03 14:56:25,002 [DEBUG] [nohup ] - redis key [95:ASPB:order:store:reject:C2S]
2015-09-03 14:56:25,049 [DEBUG] [nohup ] - com.service.ScApiCreateREDIS.api_Auto_StoreReject()SQL EXCEPTION 발생 
2015-09-03 14:56:25,065 [DEBUG] [nohup ] - DB Connect out : iseccube Driver
2015-09-03 14:56:53,671 [DEBUG] [nohup ] - com.service.ScApiCreateREDIS.api_Auto_StoreReject()
2015-09-03 14:56:55,636 [DEBUG] [nohup ] - DB Connect : iseccube Driver
2015-09-03 14:56:59,583 [DEBUG] [nohup ] - com.service.ScApiCreateREDIS.GetVendorList()
2015-09-03 14:57:02,282 [DEBUG] [nohup ] - DB Connect : iseccube Driver
2015-09-03 14:57:15,199 [DEBUG] [nohup ] - DB Connect out : iseccube Driver
2015-09-03 14:57:17,414 [DEBUG] [nohup ] - vendorList[3]
2015-09-03 14:57:19,708 [DEBUG] [nohup ] - org_code[95]
2015-09-03 14:57:19,911 [DEBUG] [nohup ] - sell_code[ASPB]
2015-09-03 14:57:20,083 [DEBUG] [nohup ] - redis key [95:ASPB:order:store:reject:C2S]
2015-09-03 14:57:30,052 [DEBUG] [nohup ] - com.service.ScApiCreateREDIS.api_Auto_StoreReject()SQL EXCEPTION 발생 
2015-09-03 14:58:15,610 [DEBUG] [nohup ] - DB Connect out : iseccube Driver
2015-09-03 14:59:27,685 [DEBUG] [nohup ] - com.service.ScApiCreateREDIS.api_Auto_StoreReject()
2015-09-03 14:59:29,230 [DEBUG] [nohup ] - DB Connect : iseccube Driver
2015-09-03 14:59:30,774 [DEBUG] [nohup ] - com.service.ScApiCreateREDIS.GetVendorList()
2015-09-03 14:59:32,272 [DEBUG] [nohup ] - DB Connect : iseccube Driver
2015-09-03 14:59:34,269 [DEBUG] [nohup ] - DB Connect out : iseccube Driver
2015-09-03 14:59:36,922 [DEBUG] [nohup ] - vendorList[3]
2015-09-03 14:59:39,386 [DEBUG] [nohup ] - org_code[95]
2015-09-03 14:59:40,104 [DEBUG] [nohup ] - sell_code[ASPB]
2015-09-03 14:59:40,307 [DEBUG] [nohup ] - redis key [95:ASPB:order:store:reject:C2S]
2015-09-03 15:00:05,564 [DEBUG] [nohup ] - com.service.ScApiCreateREDIS.api_Auto_StoreReject()SQL EXCEPTION 발생 
2015-09-03 15:00:05,564 [DEBUG] [nohup ] - DB Connect out : iseccube Driver
2015-09-03 15:01:09,388 [DEBUG] [nohup ] - com.service.ScApiCreateREDIS.api_Auto_StoreReject()
2015-09-03 15:01:10,574 [DEBUG] [nohup ] - DB Connect : iseccube Driver
2015-09-03 15:01:10,808 [DEBUG] [nohup ] - com.service.ScApiCreateREDIS.GetVendorList()
2015-09-03 15:01:11,931 [DEBUG] [nohup ] - DB Connect : iseccube Driver
2015-09-03 15:01:12,633 [DEBUG] [nohup ] - DB Connect out : iseccube Driver
2015-09-03 15:01:13,366 [DEBUG] [nohup ] - vendorList[3]
2015-09-03 15:01:14,520 [DEBUG] [nohup ] - org_code[95]
2015-09-03 15:01:14,520 [DEBUG] [nohup ] - sell_code[ASPB]
2015-09-03 15:01:14,520 [DEBUG] [nohup ] - redis key [95:ASPB:order:store:reject:C2S]
2015-09-03 15:01:14,536 [DEBUG] [nohup ] - com.service.ScApiCreateREDIS.api_Auto_StoreReject()SQL EXCEPTION 발생 
2015-09-03 15:01:14,536 [DEBUG] [nohup ] - DB Connect out : iseccube Driver
2015-09-03 15:01:35,518 [DEBUG] [nohup ] - com.service.ScApiCreateREDIS.api_Auto_StoreReject()
2015-09-03 15:01:39,855 [DEBUG] [nohup ] - DB Connect : iseccube Driver
2015-09-03 15:01:43,584 [DEBUG] [nohup ] - com.service.ScApiCreateREDIS.GetVendorList()
2015-09-03 15:01:45,877 [DEBUG] [nohup ] - DB Connect : iseccube Driver
2015-09-03 15:01:58,623 [DEBUG] [nohup ] - DB Connect out : iseccube Driver
2015-09-03 15:02:00,542 [DEBUG] [nohup ] - vendorList[3]
2015-09-03 15:02:08,950 [DEBUG] [nohup ] - org_code[95]
2015-09-03 15:02:09,278 [DEBUG] [nohup ] - sell_code[ASPB]
2015-09-03 15:02:10,120 [DEBUG] [nohup ] - redis key [95:ASPB:order:store:reject:C2S]
2015-09-03 15:02:50,528 [DEBUG] [nohup ] - com.service.ScApiCreateREDIS.api_Auto_StoreReject()SQL EXCEPTION 발생 
2015-09-03 15:02:50,528 [DEBUG] [nohup ] - DB Connect out : iseccube Driver
2015-09-03 15:03:25,006 [DEBUG] [nohup ] - com.service.ScApiCreateREDIS.api_Auto_StoreReject()
2015-09-03 15:03:26,994 [DEBUG] [nohup ] - DB Connect : iseccube Driver
2015-09-03 15:03:29,146 [DEBUG] [nohup ] - com.service.ScApiCreateREDIS.GetVendorList()
2015-09-03 15:03:31,081 [DEBUG] [nohup ] - DB Connect : iseccube Driver
2015-09-03 15:03:43,998 [DEBUG] [nohup ] - DB Connect out : iseccube Driver
2015-09-03 15:03:46,260 [DEBUG] [nohup ] - vendorList[3]
2015-09-03 15:03:48,927 [DEBUG] [nohup ] - org_code[95]
2015-09-03 15:03:49,208 [DEBUG] [nohup ] - sell_code[ASPB]
2015-09-03 15:03:49,723 [DEBUG] [nohup ] - redis key [95:ASPB:order:store:reject:C2S]
2015-09-03 15:04:32,283 [DEBUG] [nohup ] - com.service.ScApiCreateREDIS.api_Auto_StoreReject()SQL EXCEPTION 발생 
2015-09-03 15:04:32,298 [DEBUG] [nohup ] - DB Connect out : iseccube Driver
2015-09-03 15:05:05,780 [DEBUG] [nohup ] - com.service.ScApiCreateREDIS.api_Auto_StoreReject()
2015-09-03 15:05:06,875 [DEBUG] [nohup ] - DB Connect : iseccube Driver
2015-09-03 15:05:08,123 [DEBUG] [nohup ] - com.service.ScApiCreateREDIS.GetVendorList()
2015-09-03 15:05:09,730 [DEBUG] [nohup ] - DB Connect : iseccube Driver
2015-09-03 15:05:10,167 [DEBUG] [nohup ] - DB Connect out : iseccube Driver
2015-09-03 15:05:12,507 [DEBUG] [nohup ] - vendorList[3]
2015-09-03 15:05:14,863 [DEBUG] [nohup ] - org_code[95]
2015-09-03 15:05:15,331 [DEBUG] [nohup ] - sell_code[ASPB]
2015-09-03 15:05:15,502 [DEBUG] [nohup ] - redis key [95:ASPB:order:store:reject:C2S]
2015-09-03 15:05:29,373 [DEBUG] [nohup ] - redis data: {}
2015-09-03 15:05:33,241 [DEBUG] [nohup ] - org_code[45]
2015-09-03 15:05:33,460 [DEBUG] [nohup ] - sell_code[REDM]
2015-09-03 15:05:33,631 [DEBUG] [nohup ] - redis key [45:REDM:order:store:reject:C2S]
2015-09-03 15:05:47,066 [DEBUG] [nohup ] - redis data: {}
2015-09-03 15:05:49,188 [DEBUG] [nohup ] - org_code[95]
2015-09-03 15:05:49,827 [DEBUG] [nohup ] - sell_code[SDRY]
2015-09-03 15:05:50,732 [DEBUG] [nohup ] - redis key [95:SDRY:order:store:reject:C2S]
2015-09-03 15:07:20,680 [DEBUG] [nohup ] - redis data: {"org_code":"95","sell_code":"SDRY","orderDt":"20150903","orderId":"Y100006208","orderHeaderKey":"2015090310443947013872","tranDt":"20150903","status":"1400","list":[]}
2015-09-03 15:07:22,771 [DEBUG] [nohup ] - 1. Redis connection 생성 시작
2015-09-03 15:07:27,310 [DEBUG] [nohup ] - 1. Redis connection 생성 끝
2015-09-03 15:07:35,266 [DEBUG] [nohup ] - DB Connect out : iseccube Driver
2015-09-03 15:10:52,662 [DEBUG] [nohup ] - com.service.ScApiCreateREDIS.api_Auto_StoreReject()
2015-09-03 15:10:54,846 [DEBUG] [nohup ] - DB Connect : iseccube Driver
2015-09-03 15:10:56,516 [DEBUG] [nohup ] - com.service.ScApiCreateREDIS.GetVendorList()
2015-09-03 15:10:57,935 [DEBUG] [nohup ] - DB Connect : iseccube Driver
2015-09-03 15:10:59,339 [DEBUG] [nohup ] - DB Connect out : iseccube Driver
2015-09-03 15:11:00,072 [DEBUG] [nohup ] - vendorList[3]
2015-09-03 15:11:02,537 [DEBUG] [nohup ] - org_code[95]
2015-09-03 15:11:02,693 [DEBUG] [nohup ] - sell_code[ASPB]
2015-09-03 15:11:02,865 [DEBUG] [nohup ] - redis key [95:ASPB:order:store:reject:C2S]
2015-09-03 15:11:14,271 [DEBUG] [nohup ] - redis data: {}
2015-09-03 15:11:17,407 [DEBUG] [nohup ] - org_code[45]
2015-09-03 15:11:17,625 [DEBUG] [nohup ] - sell_code[REDM]
2015-09-03 15:11:17,828 [DEBUG] [nohup ] - redis key [45:REDM:order:store:reject:C2S]
2015-09-03 15:11:30,950 [DEBUG] [nohup ] - redis data: {}
2015-09-03 15:11:33,493 [DEBUG] [nohup ] - org_code[95]
2015-09-03 15:11:33,867 [DEBUG] [nohup ] - sell_code[SDRY]
2015-09-03 15:11:34,460 [DEBUG] [nohup ] - redis key [95:SDRY:order:store:reject:C2S]
2015-09-03 15:12:08,274 [DEBUG] [nohup ] - com.service.ScApiCreateREDIS.api_Auto_StoreReject()SQL EXCEPTION 발생 
2015-09-03 15:12:30,411 [DEBUG] [nohup ] - DB Connect out : iseccube Driver
2015-09-03 15:15:59,497 [DEBUG] [nohup ] - com.service.ScApiCreateREDIS.api_Auto_StoreReject()
2015-09-03 15:16:01,275 [DEBUG] [nohup ] - DB Connect : iseccube Driver
2015-09-03 15:16:01,837 [DEBUG] [nohup ] - com.service.ScApiCreateREDIS.GetVendorList()
2015-09-03 15:16:03,069 [DEBUG] [nohup ] - DB Connect : iseccube Driver
2015-09-03 15:16:04,052 [DEBUG] [nohup ] - DB Connect out : iseccube Driver
2015-09-03 15:16:06,751 [DEBUG] [nohup ] - vendorList[3]
2015-09-03 15:16:08,935 [DEBUG] [nohup ] - org_code[95]
2015-09-03 15:16:09,106 [DEBUG] [nohup ] - sell_code[ASPB]
2015-09-03 15:16:09,278 [DEBUG] [nohup ] - redis key [95:ASPB:order:store:reject:C2S]
2015-09-03 15:16:20,542 [DEBUG] [nohup ] - redis data: {}
2015-09-03 15:16:23,444 [DEBUG] [nohup ] - org_code[45]
2015-09-03 15:16:23,631 [DEBUG] [nohup ] - sell_code[REDM]
2015-09-03 15:16:23,818 [DEBUG] [nohup ] - redis key [45:REDM:order:store:reject:C2S]
2015-09-03 15:16:36,437 [DEBUG] [nohup ] - redis data: {}
2015-09-03 15:16:39,043 [DEBUG] [nohup ] - org_code[95]
2015-09-03 15:16:39,277 [DEBUG] [nohup ] - sell_code[SDRY]
2015-09-03 15:16:39,495 [DEBUG] [nohup ] - redis key [95:SDRY:order:store:reject:C2S]
2015-09-03 15:18:15,242 [DEBUG] [nohup ] - com.service.ScApiCreateREDIS.api_Auto_StoreReject()SQL EXCEPTION 발생 
2015-09-03 15:18:15,242 [DEBUG] [nohup ] - DB Connect out : iseccube Driver
2015-09-03 15:20:35,335 [DEBUG] [nohup ] - com.service.ScApiCreateREDIS.api_Auto_StoreReject()
2015-09-03 15:20:36,364 [DEBUG] [nohup ] - DB Connect : iseccube Driver
2015-09-03 15:20:37,846 [DEBUG] [nohup ] - com.service.ScApiCreateREDIS.GetVendorList()
2015-09-03 15:20:39,094 [DEBUG] [nohup ] - DB Connect : iseccube Driver
2015-09-03 15:20:40,327 [DEBUG] [nohup ] - DB Connect out : iseccube Driver
2015-09-03 15:20:42,246 [DEBUG] [nohup ] - vendorList[3]
2015-09-03 15:20:43,603 [DEBUG] [nohup ] - org_code[95]
2015-09-03 15:20:43,759 [DEBUG] [nohup ] - sell_code[ASPB]
2015-09-03 15:20:43,930 [DEBUG] [nohup ] - redis key [95:ASPB:order:store:reject:C2S]
2015-09-03 15:20:51,967 [DEBUG] [nohup ] - redis data: {}
2015-09-03 15:20:54,603 [DEBUG] [nohup ] - org_code[45]
2015-09-03 15:20:54,603 [DEBUG] [nohup ] - sell_code[REDM]
2015-09-03 15:20:54,603 [DEBUG] [nohup ] - redis key [45:REDM:order:store:reject:C2S]
2015-09-03 15:20:59,892 [DEBUG] [nohup ] - redis data: {}
2015-09-03 15:21:06,351 [DEBUG] [nohup ] - org_code[95]
2015-09-03 15:21:06,710 [DEBUG] [nohup ] - sell_code[SDRY]
2015-09-03 15:21:06,881 [DEBUG] [nohup ] - redis key [95:SDRY:order:store:reject:C2S]
2015-09-03 15:21:56,949 [DEBUG] [nohup ] - com.service.ScApiCreateREDIS.api_Auto_StoreReject()SQL EXCEPTION 발생 
2015-09-03 15:21:56,964 [DEBUG] [nohup ] - DB Connect out : iseccube Driver
2015-09-03 15:22:25,880 [DEBUG] [nohup ] - com.service.ScApiCreateREDIS.api_Auto_StoreReject()
2015-09-03 15:22:26,941 [DEBUG] [nohup ] - DB Connect : iseccube Driver
2015-09-03 15:22:27,425 [DEBUG] [nohup ] - com.service.ScApiCreateREDIS.GetVendorList()
2015-09-03 15:22:28,423 [DEBUG] [nohup ] - DB Connect : iseccube Driver
2015-09-03 15:22:29,546 [DEBUG] [nohup ] - DB Connect out : iseccube Driver
2015-09-03 15:22:30,217 [DEBUG] [nohup ] - vendorList[3]
2015-09-03 15:22:31,200 [DEBUG] [nohup ] - org_code[95]
2015-09-03 15:22:31,200 [DEBUG] [nohup ] - sell_code[ASPB]
2015-09-03 15:22:31,200 [DEBUG] [nohup ] - redis key [95:ASPB:order:store:reject:C2S]
2015-09-03 15:22:33,260 [DEBUG] [nohup ] - redis data: {}
2015-09-03 15:22:34,134 [DEBUG] [nohup ] - org_code[45]
2015-09-03 15:22:34,134 [DEBUG] [nohup ] - sell_code[REDM]
2015-09-03 15:22:34,134 [DEBUG] [nohup ] - redis key [45:REDM:order:store:reject:C2S]
2015-09-03 15:22:36,319 [DEBUG] [nohup ] - redis data: {}
2015-09-03 15:22:37,411 [DEBUG] [nohup ] - org_code[95]
2015-09-03 15:22:37,411 [DEBUG] [nohup ] - sell_code[SDRY]
2015-09-03 15:22:37,411 [DEBUG] [nohup ] - redis key [95:SDRY:order:store:reject:C2S]
2015-09-03 15:23:21,987 [DEBUG] [nohup ] - DB Connect : iseccube Driver
2015-09-03 15:23:25,201 [DEBUG] [nohup ] -  Query:  SELECT /*+ INDEX_DESC(CALL_DT,CALL_SEQ) */						 				         LTRIM(TO_CHAR(TO_NUMBER(NVL(MAX(CALL_SEQ), 0)) + 1, '0000')) as CALL_SEQ    FROM API_SEND_LOG															   WHERE CALL_DT = TO_CHAR(SYSDATE,'YYYYMMDD') 						 			  Parameters: []

2015-09-03 15:23:25,232 [DEBUG] [nohup ] - 0006
2015-09-03 15:23:28,789 [DEBUG] [nohup ] -  INSERT INTO API_SEND_LOG                                           				       (CALL_DT, CALL_SEQ, CALL_API, CALL_API_NAME, VENDOR_ID, SHIP_ID,      		        APPLY_DT, APPLY_TIME, DELI_COMPANY_ID, BL_NO, RESULT_CODE,           		        RESULT_NAME, INUSER, INTIME, CANCEL_CODE									       )                                                                     		      VALUES ( ?, ?, ?, ?, ?, ?,                    								              ?, ?, ?, ?, ?,                                                 		              ?, ?, to_char(sysdate, 'YYYYMMDDHH24MISS' ), ?						             )                                                               		
2015-09-03 15:23:28,789 [DEBUG] [nohup ] - getCall_dt20150903
2015-09-03 15:23:28,789 [DEBUG] [nohup ] - getCall_seq0006
2015-09-03 15:23:28,789 [DEBUG] [nohup ] - getCall_apiStoreCancel
2015-09-03 15:23:28,789 [DEBUG] [nohup ] - getCall_api_name매장출고 거부
2015-09-03 15:23:28,789 [DEBUG] [nohup ] - getVendor_idSDRY
2015-09-03 15:23:28,789 [DEBUG] [nohup ] - getShip_id2015090310445147013909002
2015-09-03 15:23:28,789 [DEBUG] [nohup ] - getApply_dtN/A
2015-09-03 15:23:28,789 [DEBUG] [nohup ] - getApply_timeN/A
2015-09-03 15:23:28,789 [DEBUG] [nohup ] - getDeli_company_idN/A
2015-09-03 15:23:28,789 [DEBUG] [nohup ] - getBl_noN/A
2015-09-03 15:23:28,789 [DEBUG] [nohup ] - getResult_code100
2015-09-03 15:23:28,789 [DEBUG] [nohup ] - getResult_name연동할 대상 정보가 없습니다.
2015-09-03 15:23:28,789 [DEBUG] [nohup ] - getInuserSCAPI
2015-09-03 15:23:28,804 [DEBUG] [nohup ] - getCancel_code00
2015-09-03 15:23:28,804 [DEBUG] [nohup ] -  Query:  INSERT INTO API_SEND_LOG                                           				       (CALL_DT, CALL_SEQ, CALL_API, CALL_API_NAME, VENDOR_ID, SHIP_ID,      		        APPLY_DT, APPLY_TIME, DELI_COMPANY_ID, BL_NO, RESULT_CODE,           		        RESULT_NAME, INUSER, INTIME, CANCEL_CODE									       )                                                                     		      VALUES ( ?, ?, ?, ?, ?, ?,                    								              ?, ?, ?, ?, ?,                                                 		              ?, ?, to_char(sysdate, 'YYYYMMDDHH24MISS' ), ?						             )                                                               		 Parameters: [20150903, 0006, StoreCancel, 매장출고 거부, SDRY, 2015090310445147013909002, N/A, N/A, N/A, N/A, 100, 연동할 대상 정보가 없습니다., SCAPI, 00]

2015-09-03 15:23:31,909 [DEBUG] [nohup ] - DB Connect out : iseccube Driver
2015-09-03 15:23:41,675 [DEBUG] [nohup ] - DB Connect : iseccube Driver
2015-09-03 15:23:43,813 [DEBUG] [nohup ] -  Query:  SELECT /*+ INDEX_DESC(CALL_DT,CALL_SEQ) */						 				         LTRIM(TO_CHAR(TO_NUMBER(NVL(MAX(CALL_SEQ), 0)) + 1, '0000')) as CALL_SEQ    FROM API_SEND_LOG															   WHERE CALL_DT = TO_CHAR(SYSDATE,'YYYYMMDD') 						 			  Parameters: []

2015-09-03 15:23:43,844 [DEBUG] [nohup ] - 0007
2015-09-03 15:23:46,886 [DEBUG] [nohup ] -  INSERT INTO API_SEND_LOG                                           				       (CALL_DT, CALL_SEQ, CALL_API, CALL_API_NAME, VENDOR_ID, SHIP_ID,      		        APPLY_DT, APPLY_TIME, DELI_COMPANY_ID, BL_NO, RESULT_CODE,           		        RESULT_NAME, INUSER, INTIME, CANCEL_CODE									       )                                                                     		      VALUES ( ?, ?, ?, ?, ?, ?,                    								              ?, ?, ?, ?, ?,                                                 		              ?, ?, to_char(sysdate, 'YYYYMMDDHH24MISS' ), ?						             )                                                               		
2015-09-03 15:23:46,886 [DEBUG] [nohup ] - getCall_dt20150903
2015-09-03 15:23:46,886 [DEBUG] [nohup ] - getCall_seq0007
2015-09-03 15:23:46,886 [DEBUG] [nohup ] - getCall_apiStoreCancel
2015-09-03 15:23:46,886 [DEBUG] [nohup ] - getCall_api_name매장출고 거부
2015-09-03 15:23:46,886 [DEBUG] [nohup ] - getVendor_idSDRY
2015-09-03 15:23:46,886 [DEBUG] [nohup ] - getShip_id2015090310445147013909003
2015-09-03 15:23:46,886 [DEBUG] [nohup ] - getApply_dtN/A
2015-09-03 15:23:46,886 [DEBUG] [nohup ] - getApply_timeN/A
2015-09-03 15:23:46,886 [DEBUG] [nohup ] - getDeli_company_idN/A
2015-09-03 15:23:46,886 [DEBUG] [nohup ] - getBl_noN/A
2015-09-03 15:23:46,886 [DEBUG] [nohup ] - getResult_code100
2015-09-03 15:23:46,886 [DEBUG] [nohup ] - getResult_name연동할 대상 정보가 없습니다.
2015-09-03 15:23:46,886 [DEBUG] [nohup ] - getInuserSCAPI
2015-09-03 15:23:46,886 [DEBUG] [nohup ] - getCancel_code00
2015-09-03 15:23:46,886 [DEBUG] [nohup ] -  Query:  INSERT INTO API_SEND_LOG                                           				       (CALL_DT, CALL_SEQ, CALL_API, CALL_API_NAME, VENDOR_ID, SHIP_ID,      		        APPLY_DT, APPLY_TIME, DELI_COMPANY_ID, BL_NO, RESULT_CODE,           		        RESULT_NAME, INUSER, INTIME, CANCEL_CODE									       )                                                                     		      VALUES ( ?, ?, ?, ?, ?, ?,                    								              ?, ?, ?, ?, ?,                                                 		              ?, ?, to_char(sysdate, 'YYYYMMDDHH24MISS' ), ?						             )                                                               		 Parameters: [20150903, 0007, StoreCancel, 매장출고 거부, SDRY, 2015090310445147013909003, N/A, N/A, N/A, N/A, 100, 연동할 대상 정보가 없습니다., SCAPI, 00]

2015-09-03 15:23:48,976 [DEBUG] [nohup ] - DB Connect out : iseccube Driver
2015-09-03 15:23:55,294 [DEBUG] [nohup ] - redis data: {"org_code":"95","sell_code":"SDRY","orderDt":"20150903","orderId":"Y100006208","orderHeaderKey":"2015090310443947013872","tranDt":"20150903","status":"1400","list":[{"ship_node":"OFF02","orderLineNo":"2","orderLineKey":"2015090310443947013874","orderReleaseKey":"2015090310445147013909","itemId":"S0G1GHD010BK38","uom":"EACH","qty":"2","statuscd":"80","statusMsg":"보내기 싫어"},{"ship_node":"OFF02","orderLineNo":"3","orderLineKey":"2015090310443947013875","orderReleaseKey":"2015090310445147013909","itemId":"S0G1GHD010BK40","uom":"EACH","qty":"2","statuscd":"80","statusMsg":"난 거부하네"}]}
2015-09-03 15:23:56,558 [DEBUG] [nohup ] - 1. Redis connection 생성 시작
2015-09-03 15:23:58,945 [DEBUG] [nohup ] - 1. Redis connection 생성 끝
2015-09-03 15:24:05,731 [DEBUG] [nohup ] - DB Connect out : iseccube Driver
2015-09-03 15:37:02,373 [DEBUG] [nohup ] - com.service.ScApiCreateREDIS.api_Auto_StoreReject()
2015-09-03 15:37:03,527 [DEBUG] [nohup ] - DB Connect : iseccube Driver
2015-09-03 15:37:04,089 [DEBUG] [nohup ] - com.service.ScApiCreateREDIS.GetVendorList()
2015-09-03 15:37:05,259 [DEBUG] [nohup ] - DB Connect : iseccube Driver
2015-09-03 15:37:06,148 [DEBUG] [nohup ] - DB Connect out : iseccube Driver
2015-09-03 15:37:06,538 [DEBUG] [nohup ] - vendorList[3]
2015-09-03 15:37:07,256 [DEBUG] [nohup ] - org_code[95]
2015-09-03 15:37:07,256 [DEBUG] [nohup ] - sell_code[ASPB]
2015-09-03 15:37:07,256 [DEBUG] [nohup ] - redis key [95:ASPB:order:store:reject:C2S]
2015-09-03 15:37:08,552 [DEBUG] [nohup ] - redis data: {}
2015-09-03 15:37:08,973 [DEBUG] [nohup ] - org_code[45]
2015-09-03 15:37:08,973 [DEBUG] [nohup ] - sell_code[REDM]
2015-09-03 15:37:08,988 [DEBUG] [nohup ] - redis key [45:REDM:order:store:reject:C2S]
2015-09-03 15:37:09,894 [DEBUG] [nohup ] - redis data: {}
2015-09-03 15:37:10,612 [DEBUG] [nohup ] - org_code[95]
2015-09-03 15:37:10,612 [DEBUG] [nohup ] - sell_code[SDRY]
2015-09-03 15:37:10,612 [DEBUG] [nohup ] - redis key [95:SDRY:order:store:reject:C2S]
2015-09-03 15:37:16,285 [DEBUG] [nohup ] - DB Connect : iseccube Driver
2015-09-03 15:37:17,111 [DEBUG] [nohup ] -  Query:  SELECT /*+ INDEX_DESC(CALL_DT,CALL_SEQ) */						 				         LTRIM(TO_CHAR(TO_NUMBER(NVL(MAX(CALL_SEQ), 0)) + 1, '0000')) as CALL_SEQ    FROM API_SEND_LOG															   WHERE CALL_DT = TO_CHAR(SYSDATE,'YYYYMMDD') 						 			  Parameters: []

2015-09-03 15:37:17,143 [DEBUG] [nohup ] - 0008
2015-09-03 15:37:17,143 [DEBUG] [nohup ] -  INSERT INTO API_SEND_LOG                                           				       (CALL_DT, CALL_SEQ, CALL_API, CALL_API_NAME, VENDOR_ID, SHIP_ID,      		        APPLY_DT, APPLY_TIME, DELI_COMPANY_ID, BL_NO, RESULT_CODE,           		        RESULT_NAME, INUSER, INTIME, CANCEL_CODE									       )                                                                     		      VALUES ( ?, ?, ?, ?, ?, ?,                    								              ?, ?, ?, ?, ?,                                                 		              ?, ?, to_char(sysdate, 'YYYYMMDDHH24MISS' ), ?						             )                                                               		
2015-09-03 15:37:17,143 [DEBUG] [nohup ] - getCall_dt20150903
2015-09-03 15:37:17,143 [DEBUG] [nohup ] - getCall_seq0008
2015-09-03 15:37:17,143 [DEBUG] [nohup ] - getCall_apiStoreCancel
2015-09-03 15:37:17,143 [DEBUG] [nohup ] - getCall_api_name매장출고 거부
2015-09-03 15:37:17,143 [DEBUG] [nohup ] - getVendor_idSDRY
2015-09-03 15:37:17,143 [DEBUG] [nohup ] - getShip_id2015090310445147013909002
2015-09-03 15:37:17,143 [DEBUG] [nohup ] - getApply_dtN/A
2015-09-03 15:37:17,143 [DEBUG] [nohup ] - getApply_timeN/A
2015-09-03 15:37:17,143 [DEBUG] [nohup ] - getDeli_company_idN/A
2015-09-03 15:37:17,143 [DEBUG] [nohup ] - getBl_noN/A
2015-09-03 15:37:17,143 [DEBUG] [nohup ] - getResult_code000
2015-09-03 15:37:17,143 [DEBUG] [nohup ] - getResult_nameSUCCESS
2015-09-03 15:37:17,143 [DEBUG] [nohup ] - getInuserSCAPI
2015-09-03 15:37:17,143 [DEBUG] [nohup ] - getCancel_code00
2015-09-03 15:37:17,143 [DEBUG] [nohup ] -  Query:  INSERT INTO API_SEND_LOG                                           				       (CALL_DT, CALL_SEQ, CALL_API, CALL_API_NAME, VENDOR_ID, SHIP_ID,      		        APPLY_DT, APPLY_TIME, DELI_COMPANY_ID, BL_NO, RESULT_CODE,           		        RESULT_NAME, INUSER, INTIME, CANCEL_CODE									       )                                                                     		      VALUES ( ?, ?, ?, ?, ?, ?,                    								              ?, ?, ?, ?, ?,                                                 		              ?, ?, to_char(sysdate, 'YYYYMMDDHH24MISS' ), ?						             )                                                               		 Parameters: [20150903, 0008, StoreCancel, 매장출고 거부, SDRY, 2015090310445147013909002, N/A, N/A, N/A, N/A, 000, SUCCESS, SCAPI, 00]

2015-09-03 15:37:17,158 [DEBUG] [nohup ] - DB Connect out : iseccube Driver
2015-09-03 15:37:20,434 [DEBUG] [nohup ] - DB Connect : iseccube Driver
2015-09-03 15:37:21,058 [DEBUG] [nohup ] -  Query:  SELECT /*+ INDEX_DESC(CALL_DT,CALL_SEQ) */						 				         LTRIM(TO_CHAR(TO_NUMBER(NVL(MAX(CALL_SEQ), 0)) + 1, '0000')) as CALL_SEQ    FROM API_SEND_LOG															   WHERE CALL_DT = TO_CHAR(SYSDATE,'YYYYMMDD') 						 			  Parameters: []

2015-09-03 15:37:21,074 [DEBUG] [nohup ] - 0009
2015-09-03 15:37:21,074 [DEBUG] [nohup ] -  INSERT INTO API_SEND_LOG                                           				       (CALL_DT, CALL_SEQ, CALL_API, CALL_API_NAME, VENDOR_ID, SHIP_ID,      		        APPLY_DT, APPLY_TIME, DELI_COMPANY_ID, BL_NO, RESULT_CODE,           		        RESULT_NAME, INUSER, INTIME, CANCEL_CODE									       )                                                                     		      VALUES ( ?, ?, ?, ?, ?, ?,                    								              ?, ?, ?, ?, ?,                                                 		              ?, ?, to_char(sysdate, 'YYYYMMDDHH24MISS' ), ?						             )                                                               		
2015-09-03 15:37:21,074 [DEBUG] [nohup ] - getCall_dt20150903
2015-09-03 15:37:21,074 [DEBUG] [nohup ] - getCall_seq0009
2015-09-03 15:37:21,074 [DEBUG] [nohup ] - getCall_apiStoreCancel
2015-09-03 15:37:21,074 [DEBUG] [nohup ] - getCall_api_name매장출고 거부
2015-09-03 15:37:21,074 [DEBUG] [nohup ] - getVendor_idSDRY
2015-09-03 15:37:21,074 [DEBUG] [nohup ] - getShip_id2015090310445147013909003
2015-09-03 15:37:21,074 [DEBUG] [nohup ] - getApply_dtN/A
2015-09-03 15:37:21,074 [DEBUG] [nohup ] - getApply_timeN/A
2015-09-03 15:37:21,074 [DEBUG] [nohup ] - getDeli_company_idN/A
2015-09-03 15:37:21,074 [DEBUG] [nohup ] - getBl_noN/A
2015-09-03 15:37:21,074 [DEBUG] [nohup ] - getResult_code000
2015-09-03 15:37:21,074 [DEBUG] [nohup ] - getResult_nameSUCCESS
2015-09-03 15:37:21,074 [DEBUG] [nohup ] - getInuserSCAPI
2015-09-03 15:37:21,074 [DEBUG] [nohup ] - getCancel_code00
2015-09-03 15:37:21,074 [DEBUG] [nohup ] -  Query:  INSERT INTO API_SEND_LOG                                           				       (CALL_DT, CALL_SEQ, CALL_API, CALL_API_NAME, VENDOR_ID, SHIP_ID,      		        APPLY_DT, APPLY_TIME, DELI_COMPANY_ID, BL_NO, RESULT_CODE,           		        RESULT_NAME, INUSER, INTIME, CANCEL_CODE									       )                                                                     		      VALUES ( ?, ?, ?, ?, ?, ?,                    								              ?, ?, ?, ?, ?,                                                 		              ?, ?, to_char(sysdate, 'YYYYMMDDHH24MISS' ), ?						             )                                                               		 Parameters: [20150903, 0009, StoreCancel, 매장출고 거부, SDRY, 2015090310445147013909003, N/A, N/A, N/A, N/A, 000, SUCCESS, SCAPI, 00]

2015-09-03 15:37:21,089 [DEBUG] [nohup ] - DB Connect out : iseccube Driver
2015-09-03 15:37:23,039 [DEBUG] [nohup ] - redis data: {"org_code":"95","sell_code":"SDRY","orderDt":"20150903","orderId":"Y100006208","orderHeaderKey":"2015090310443947013872","tranDt":"20150903","status":"1310","list":[{"ship_node":"OFF02","orderLineNo":"2","orderLineKey":"2015090310443947013874","orderReleaseKey":"2015090310445147013909","itemId":"S0G1GHD010BK38","uom":"EACH","qty":"2","statuscd":"80","statusMsg":"보내기 싫어"},{"ship_node":"OFF02","orderLineNo":"3","orderLineKey":"2015090310443947013875","orderReleaseKey":"2015090310445147013909","itemId":"S0G1GHD010BK40","uom":"EACH","qty":"2","statuscd":"80","statusMsg":"난 거부하네"}]}
2015-09-03 15:37:23,039 [DEBUG] [nohup ] - 1. Redis connection 생성 시작
2015-09-03 15:37:23,102 [DEBUG] [nohup ] - 1. Redis connection 생성 끝
2015-09-03 15:37:23,554 [DEBUG] [nohup ] - DB Connect out : iseccube Driver
